<?xml version="1.0" encoding="UTF-8"?>
<!-- Generated by org.testng.reporters.JUnitXMLReporter -->
<testsuite hostname="I-KamaljitS" ignored="1" name="Test" tests="2" failures="0" timestamp="06 Feb 2019 14:50:44 GMT" time="0.093" errors="0">
  <testcase name="thirdclass" time="0.018" classname="FirstPackage.ThirdClass"/>
  <testcase name="vclass" time="0.005" classname="FirstPackage.ThirdClass"/>
  <testcase name="nclass" time="0.0" classname="FirstPackage.ThirdClass">
    <ignored/>
  </testcase> <!-- nclass -->
</testsuite> <!-- Test -->
