<?xml version="1.0" encoding="UTF-8"?>
<testng-results skipped="0" failed="0" ignored="1" total="3" passed="2">
  <reporter-output>
  </reporter-output>
  <suite name="Suite" duration-ms="93" started-at="2019-02-06T14:50:44Z" finished-at="2019-02-06T14:50:44Z">
    <groups>
    </groups>
    <test name="Test" duration-ms="93" started-at="2019-02-06T14:50:44Z" finished-at="2019-02-06T14:50:44Z">
      <class name="FirstPackage.ThirdClass">
        <test-method status="PASS" signature="thirdclass(java.lang.String)[pri:0, instance:FirstPackage.ThirdClass@735f7ae5]" name="thirdclass" duration-ms="18" started-at="2019-02-06T14:50:44Z" finished-at="2019-02-06T14:50:44Z">
          <params>
            <param index="0">
              <value>
                <![CDATA[it's Parameter value]]>
              </value>
            </param>
          </params>
          <reporter-output>
          </reporter-output>
        </test-method> <!-- thirdclass -->
        <test-method status="PASS" signature="vclass()[pri:0, instance:FirstPackage.ThirdClass@735f7ae5]" name="vclass" duration-ms="5" started-at="2019-02-06T14:50:44Z" finished-at="2019-02-06T14:50:44Z">
          <reporter-output>
          </reporter-output>
        </test-method> <!-- vclass -->
      </class> <!-- FirstPackage.ThirdClass -->
    </test> <!-- Test -->
  </suite> <!-- Suite -->
</testng-results>
